# JRE version: OpenJDK Runtime Environment (8.0_302-b08) (build 1.8.0_302-b08)
# Java VM: OpenJDK 64-Bit Server VM (25.302-b08 mixed mode linux-amd64 compressed oops)
Heap:
 PSYoungGen      total 216576K, used 129239K [0x000000078f600000, 0x000000079d900000, 0x00000007c0000000)
  eden space 206848K, 57% used [0x000000078f600000,0x0000000796b037a0,0x000000079c000000)
  from space 9728K, 96% used [0x000000079c700000,0x000000079d032460,0x000000079d080000)
  to   space 8704K, 0% used [0x000000079d080000,0x000000079d080000,0x000000079d900000)
 ParOldGen       total 106496K, used 20431K [0x000000072e200000, 0x0000000734a00000, 0x000000078f600000)
  object space 106496K, 19% used [0x000000072e200000,0x000000072f5f3e78,0x0000000734a00000)
 Metaspace       used 36903K, capacity 38366K, committed 38656K, reserved 1083392K
  class space    used 3959K, capacity 4237K, committed 4352K, reserved 1048576K
GC Heap History (26 events):
Event: 0.878 GC heap before
{Heap before GC invocations=1 (full 0):
 PSYoungGen      total 43520K, used 37376K [0x000000078f600000, 0x0000000792680000, 0x00000007c0000000)
  eden space 37376K, 100% used [0x000000078f600000,0x0000000791a80000,0x0000000791a80000)
  from space 6144K, 0% used [0x0000000792080000,0x0000000792080000,0x0000000792680000)
  to   space 6144K, 0% used [0x0000000791a80000,0x0000000791a80000,0x0000000792080000)
 ParOldGen       total 99840K, used 0K [0x000000072e200000, 0x0000000734380000, 0x000000078f600000)
  object space 99840K, 0% used [0x000000072e200000,0x000000072e200000,0x0000000734380000)
 Metaspace       used 9296K, capacity 9676K, committed 9856K, reserved 1058816K
  class space    used 996K, capacity 1116K, committed 1152K, reserved 1048576K
Event: 0.893 GC heap after
Heap after GC invocations=1 (full 0):
 PSYoungGen      total 43520K, used 3253K [0x000000078f600000, 0x0000000794b00000, 0x00000007c0000000)
  eden space 37376K, 0% used [0x000000078f600000,0x000000078f600000,0x0000000791a80000)
  from space 6144K, 52% used [0x0000000791a80000,0x0000000791dad570,0x0000000792080000)
  to   space 6144K, 0% used [0x0000000794500000,0x0000000794500000,0x0000000794b00000)
 ParOldGen       total 99840K, used 0K [0x000000072e200000, 0x0000000734380000, 0x000000078f600000)
  object space 99840K, 0% used [0x000000072e200000,0x000000072e200000,0x0000000734380000)
 Metaspace       used 9296K, capacity 9676K, committed 9856K, reserved 1058816K
  class space    used 996K, capacity 1116K, committed 1152K, reserved 1048576K
}
Event: 1.566 GC heap before
{Heap before GC invocations=2 (full 0):
 PSYoungGen      total 43520K, used 40629K [0x000000078f600000, 0x0000000794b00000, 0x00000007c0000000)
  eden space 37376K, 100% used [0x000000078f600000,0x0000000791a80000,0x0000000791a80000)
  from space 6144K, 52% used [0x0000000791a80000,0x0000000791dad570,0x0000000792080000)
  to   space 6144K, 0% used [0x0000000794500000,0x0000000794500000,0x0000000794b00000)
 ParOldGen       total 99840K, used 0K [0x000000072e200000, 0x0000000734380000, 0x000000078f600000)
  object space 99840K, 0% used [0x000000072e200000,0x000000072e200000,0x0000000734380000)
 Metaspace       used 12225K, capacity 13170K, committed 13440K, reserved 1060864K
  class space    used 1429K, capacity 1631K, committed 1664K, reserved 1048576K
Event: 1.575 GC heap after
Heap after GC invocations=2 (full 0):
 PSYoungGen      total 80896K, used 3956K [0x000000078f600000, 0x0000000794b00000, 0x00000007c0000000)
  eden space 74752K, 0% used [0x000000078f600000,0x000000078f600000,0x0000000793f00000)
  from space 6144K, 64% used [0x0000000794500000,0x00000007948dd3f8,0x0000000794b00000)
  to   space 6144K, 0% used [0x0000000793f00000,0x0000000793f00000,0x0000000794500000)
 ParOldGen       total 99840K, used 8K [0x000000072e200000, 0x0000000734380000, 0x000000078f600000)
  object space 99840K, 0% used [0x000000072e200000,0x000000072e202000,0x0000000734380000)
 Metaspace       used 12225K, capacity 13170K, committed 13440K, reserved 1060864K
  class space    used 1429K, capacity 1631K, committed 1664K, reserved 1048576K
}
Event: 2.710 GC heap before
{Heap before GC invocations=3 (full 0):
 PSYoungGen      total 80896K, used 77260K [0x000000078f600000, 0x0000000794b00000, 0x00000007c0000000)
  eden space 74752K, 98% used [0x000000078f600000,0x0000000793d95e50,0x0000000793f00000)
  from space 6144K, 64% used [0x0000000794500000,0x00000007948dd3f8,0x0000000794b00000)
  to   space 6144K, 0% used [0x0000000793f00000,0x0000000793f00000,0x0000000794500000)
 ParOldGen       total 99840K, used 8K [0x000000072e200000, 0x0000000734380000, 0x000000078f600000)
  object space 99840K, 0% used [0x000000072e200000,0x000000072e202000,0x0000000734380000)
 Metaspace       used 20065K, capacity 21076K, committed 21296K, reserved 1069056K
  class space    used 2388K, capacity 2601K, committed 2688K, reserved 1048576K
Event: 2.727 GC heap after
Heap after GC invocations=3 (full 0):
 PSYoungGen      total 80896K, used 6116K [0x000000078f600000, 0x0000000799400000, 0x00000007c0000000)
  eden space 74752K, 0% used [0x000000078f600000,0x000000078f600000,0x0000000793f00000)
  from space 6144K, 99% used [0x0000000793f00000,0x00000007944f9128,0x0000000794500000)
  to   space 6144K, 0% used [0x0000000798e00000,0x0000000798e00000,0x0000000799400000)
 ParOldGen       total 99840K, used 1643K [0x000000072e200000, 0x0000000734380000, 0x000000078f600000)
  object space 99840K, 1% used [0x000000072e200000,0x000000072e39aee8,0x0000000734380000)
 Metaspace       used 20065K, capacity 21076K, committed 21296K, reserved 1069056K
  class space    used 2388K, capacity 2601K, committed 2688K, reserved 1048576K
}
Event: 2.727 GC heap before
{Heap before GC invocations=4 (full 1):
 PSYoungGen      total 80896K, used 6116K [0x000000078f600000, 0x0000000799400000, 0x00000007c0000000)
  eden space 74752K, 0% used [0x000000078f600000,0x000000078f600000,0x0000000793f00000)
  from space 6144K, 99% used [0x0000000793f00000,0x00000007944f9128,0x0000000794500000)
  to   space 6144K, 0% used [0x0000000798e00000,0x0000000798e00000,0x0000000799400000)
 ParOldGen       total 99840K, used 1643K [0x000000072e200000, 0x0000000734380000, 0x000000078f600000)
  object space 99840K, 1% used [0x000000072e200000,0x000000072e39aee8,0x0000000734380000)
 Metaspace       used 20065K, capacity 21076K, committed 21296K, reserved 1069056K
  class space    used 2388K, capacity 2601K, committed 2688K, reserved 1048576K
Event: 2.797 GC heap after
Heap after GC invocations=4 (full 1):
 PSYoungGen      total 80896K, used 0K [0x000000078f600000, 0x0000000799400000, 0x00000007c0000000)
  eden space 74752K, 0% used [0x000000078f600000,0x000000078f600000,0x0000000793f00000)
  from space 6144K, 0% used [0x0000000793f00000,0x0000000793f00000,0x0000000794500000)
  to   space 6144K, 0% used [0x0000000798e00000,0x0000000798e00000,0x0000000799400000)
 ParOldGen       total 70144K, used 7509K [0x000000072e200000, 0x0000000732680000, 0x000000078f600000)
  object space 70144K, 10% used [0x000000072e200000,0x000000072e955770,0x0000000732680000)
 Metaspace       used 20065K, capacity 21076K, committed 21296K, reserved 1069056K
  class space    used 2388K, capacity 2601K, committed 2688K, reserved 1048576K
}
Event: 66.630 GC heap before
{Heap before GC invocations=5 (full 1):
 PSYoungGen      total 80896K, used 74752K [0x000000078f600000, 0x0000000799400000, 0x00000007c0000000)
  eden space 74752K, 100% used [0x000000078f600000,0x0000000793f00000,0x0000000793f00000)
  from space 6144K, 0% used [0x0000000793f00000,0x0000000793f00000,0x0000000794500000)
  to   space 6144K, 0% used [0x0000000798e00000,0x0000000798e00000,0x0000000799400000)
 ParOldGen       total 70144K, used 7509K [0x000000072e200000, 0x0000000732680000, 0x000000078f600000)
  object space 70144K, 10% used [0x000000072e200000,0x000000072e955770,0x0000000732680000)
 Metaspace       used 29264K, capacity 30472K, committed 30848K, reserved 1077248K
  class space    used 3192K, capacity 3424K, committed 3456K, reserved 1048576K
Event: 66.641 GC heap after
Heap after GC invocations=5 (full 1):
 PSYoungGen      total 104960K, used 5914K [0x000000078f600000, 0x0000000799400000, 0x00000007c0000000)
  eden space 98816K, 0% used [0x000000078f600000,0x000000078f600000,0x0000000795680000)
  from space 6144K, 96% used [0x0000000798e00000,0x00000007993c6970,0x0000000799400000)
  to   space 6144K, 0% used [0x0000000798800000,0x0000000798800000,0x0000000798e00000)
 ParOldGen       total 70144K, used 7509K [0x000000072e200000, 0x0000000732680000, 0x000000078f600000)
  object space 70144K, 10% used [0x000000072e200000,0x000000072e955770,0x0000000732680000)
 Metaspace       used 29264K, capacity 30472K, committed 30848K, reserved 1077248K
  class space    used 3192K, capacity 3424K, committed 3456K, reserved 1048576K
}
Event: 67.447 GC heap before
{Heap before GC invocations=6 (full 1):
 PSYoungGen      total 104960K, used 82281K [0x000000078f600000, 0x0000000799400000, 0x00000007c0000000)
  eden space 98816K, 77% used [0x000000078f600000,0x0000000794093b58,0x0000000795680000)
  from space 6144K, 96% used [0x0000000798e00000,0x00000007993c6970,0x0000000799400000)
  to   space 6144K, 0% used [0x0000000798800000,0x0000000798800000,0x0000000798e00000)
 ParOldGen       total 70144K, used 7509K [0x000000072e200000, 0x0000000732680000, 0x000000078f600000)
  object space 70144K, 10% used [0x000000072e200000,0x000000072e955770,0x0000000732680000)
 Metaspace       used 33938K, capacity 35232K, committed 35496K, reserved 1081344K
  class space    used 3741K, capacity 3974K, committed 4096K, reserved 1048576K
Event: 67.460 GC heap after
Heap after GC invocations=6 (full 1):
 PSYoungGen      total 137728K, used 6123K [0x000000078f600000, 0x0000000798e80000, 0x00000007c0000000)
  eden space 131584K, 0% used [0x000000078f600000,0x000000078f600000,0x0000000797680000)
  from space 6144K, 99% used [0x0000000798800000,0x0000000798dfae80,0x0000000798e00000)
  to   space 512K, 0% used [0x0000000798e00000,0x0000000798e00000,0x0000000798e80000)
 ParOldGen       total 70144K, used 9059K [0x000000072e200000, 0x0000000732680000, 0x000000078f600000)
  object space 70144K, 12% used [0x000000072e200000,0x000000072ead8cf8,0x0000000732680000)
 Metaspace       used 33938K, capacity 35232K, committed 35496K, reserved 1081344K
  class space    used 3741K, capacity 3974K, committed 4096K, reserved 1048576K
}
Event: 67.460 GC heap before
{Heap before GC invocations=7 (full 2):
 PSYoungGen      total 137728K, used 6123K [0x000000078f600000, 0x0000000798e80000, 0x00000007c0000000)
  eden space 131584K, 0% used [0x000000078f600000,0x000000078f600000,0x0000000797680000)
  from space 6144K, 99% used [0x0000000798800000,0x0000000798dfae80,0x0000000798e00000)
  to   space 512K, 0% used [0x0000000798e00000,0x0000000798e00000,0x0000000798e80000)
 ParOldGen       total 70144K, used 9059K [0x000000072e200000, 0x0000000732680000, 0x000000078f600000)
  object space 70144K, 12% used [0x000000072e200000,0x000000072ead8cf8,0x0000000732680000)
 Metaspace       used 33938K, capacity 35232K, committed 35496K, reserved 1081344K
  class space    used 3741K, capacity 3974K, committed 4096K, reserved 1048576K
Event: 67.548 GC heap after
Heap after GC invocations=7 (full 2):
 PSYoungGen      total 137728K, used 0K [0x000000078f600000, 0x0000000798e80000, 0x00000007c0000000)
  eden space 131584K, 0% used [0x000000078f600000,0x000000078f600000,0x0000000797680000)
  from space 6144K, 0% used [0x0000000798800000,0x0000000798800000,0x0000000798e00000)
  to   space 512K, 0% used [0x0000000798e00000,0x0000000798e00000,0x0000000798e80000)
 ParOldGen       total 106496K, used 11707K [0x000000072e200000, 0x0000000734a00000, 0x000000078f600000)
  object space 106496K, 10% used [0x000000072e200000,0x000000072ed6ee28,0x0000000734a00000)
 Metaspace       used 33938K, capacity 35232K, committed 35496K, reserved 1081344K
  class space    used 3741K, capacity 3974K, committed 4096K, reserved 1048576K
}
Event: 147.677 GC heap before
{Heap before GC invocations=8 (full 2):
 PSYoungGen      total 137728K, used 131584K [0x000000078f600000, 0x0000000798e80000, 0x00000007c0000000)
  eden space 131584K, 100% used [0x000000078f600000,0x0000000797680000,0x0000000797680000)
  from space 6144K, 0% used [0x0000000798800000,0x0000000798800000,0x0000000798e00000)
  to   space 512K, 0% used [0x0000000798e00000,0x0000000798e00000,0x0000000798e80000)
 ParOldGen       total 106496K, used 11707K [0x000000072e200000, 0x0000000734a00000, 0x000000078f600000)
  object space 106496K, 10% used [0x000000072e200000,0x000000072ed6ee28,0x0000000734a00000)
 Metaspace       used 36186K, capacity 37662K, committed 37888K, reserved 1083392K
  class space    used 3955K, capacity 4237K, committed 4352K, reserved 1048576K
Event: 147.712 GC heap after
Heap after GC invocations=8 (full 2):
 PSYoungGen      total 146944K, used 499K [0x000000078f600000, 0x000000079be80000, 0x00000007c0000000)
  eden space 146432K, 0% used [0x000000078f600000,0x000000078f600000,0x0000000798500000)
  from space 512K, 97% used [0x0000000798e00000,0x0000000798e7cfc8,0x0000000798e80000)
  to   space 9216K, 0% used [0x0000000798500000,0x0000000798500000,0x0000000798e00000)
 ParOldGen       total 106496K, used 16461K [0x000000072e200000, 0x0000000734a00000, 0x000000078f600000)
  object space 106496K, 15% used [0x000000072e200000,0x000000072f213758,0x0000000734a00000)
 Metaspace       used 36186K, capacity 37662K, committed 37888K, reserved 1083392K
  class space    used 3955K, capacity 4237K, committed 4352K, reserved 1048576K
}
Event: 251.605 GC heap before
{Heap before GC invocations=9 (full 2):
 PSYoungGen      total 146944K, used 146931K [0x000000078f600000, 0x000000079be80000, 0x00000007c0000000)
  eden space 146432K, 100% used [0x000000078f600000,0x0000000798500000,0x0000000798500000)
  from space 512K, 97% used [0x0000000798e00000,0x0000000798e7cfc8,0x0000000798e80000)
  to   space 9216K, 0% used [0x0000000798500000,0x0000000798500000,0x0000000798e00000)
 ParOldGen       total 106496K, used 16461K [0x000000072e200000, 0x0000000734a00000, 0x000000078f600000)
  object space 106496K, 15% used [0x000000072e200000,0x000000072f213758,0x0000000734a00000)
 Metaspace       used 36359K, capacity 37790K, committed 38144K, reserved 1083392K
  class space    used 3957K, capacity 4237K, committed 4352K, reserved 1048576K
Event: 251.609 GC heap after
Heap after GC invocations=9 (full 2):
 PSYoungGen      total 155648K, used 5684K [0x000000078f600000, 0x000000079c800000, 0x00000007c0000000)
  eden space 146432K, 0% used [0x000000078f600000,0x000000078f600000,0x0000000798500000)
  from space 9216K, 61% used [0x0000000798500000,0x0000000798a8d3d0,0x0000000798e00000)
  to   space 8704K, 0% used [0x000000079bf80000,0x000000079bf80000,0x000000079c800000)
 ParOldGen       total 106496K, used 16461K [0x000000072e200000, 0x0000000734a00000, 0x000000078f600000)
  object space 106496K, 15% used [0x000000072e200000,0x000000072f213758,0x0000000734a00000)
 Metaspace       used 36359K, capacity 37790K, committed 38144K, reserved 1083392K
  class space    used 3957K, capacity 4237K, committed 4352K, reserved 1048576K
}
Event: 359.644 GC heap before
{Heap before GC invocations=10 (full 2):
 PSYoungGen      total 155648K, used 152116K [0x000000078f600000, 0x000000079c800000, 0x00000007c0000000)
  eden space 146432K, 100% used [0x000000078f600000,0x0000000798500000,0x0000000798500000)
  from space 9216K, 61% used [0x0000000798500000,0x0000000798a8d3d0,0x0000000798e00000)
  to   space 8704K, 0% used [0x000000079bf80000,0x000000079bf80000,0x000000079c800000)
 ParOldGen       total 106496K, used 16461K [0x000000072e200000, 0x0000000734a00000, 0x000000078f600000)
  object space 106496K, 15% used [0x000000072e200000,0x000000072f213758,0x0000000734a00000)
 Metaspace       used 36446K, capacity 37854K, committed 38144K, reserved 1083392K
  class space    used 3958K, capacity 4237K, committed 4352K, reserved 1048576K
Event: 359.651 GC heap after
Heap after GC invocations=10 (full 2):
 PSYoungGen      total 197632K, used 8697K [0x000000078f600000, 0x000000079c800000, 0x00000007c0000000)
  eden space 188928K, 0% used [0x000000078f600000,0x000000078f600000,0x000000079ae80000)
  from space 8704K, 99% used [0x000000079bf80000,0x000000079c7fe488,0x000000079c800000)
  to   space 9728K, 0% used [0x000000079b500000,0x000000079b500000,0x000000079be80000)
 ParOldGen       total 106496K, used 16856K [0x000000072e200000, 0x0000000734a00000, 0x000000078f600000)
  object space 106496K, 15% used [0x000000072e200000,0x000000072f276338,0x0000000734a00000)
 Metaspace       used 36446K, capacity 37854K, committed 38144K, reserved 1083392K
  class space    used 3958K, capacity 4237K, committed 4352K, reserved 1048576K
}
Event: 487.625 GC heap before
{Heap before GC invocations=11 (full 2):
 PSYoungGen      total 197632K, used 197625K [0x000000078f600000, 0x000000079c800000, 0x00000007c0000000)
  eden space 188928K, 100% used [0x000000078f600000,0x000000079ae80000,0x000000079ae80000)
  from space 8704K, 99% used [0x000000079bf80000,0x000000079c7fe488,0x000000079c800000)
  to   space 9728K, 0% used [0x000000079b500000,0x000000079b500000,0x000000079be80000)
 ParOldGen       total 106496K, used 16856K [0x000000072e200000, 0x0000000734a00000, 0x000000078f600000)
  object space 106496K, 15% used [0x000000072e200000,0x000000072f276338,0x0000000734a00000)
 Metaspace       used 36611K, capacity 37982K, committed 38144K, reserved 1083392K
  class space    used 3959K, capacity 4237K, committed 4352K, reserved 1048576K
Event: 487.631 GC heap after
Heap after GC invocations=11 (full 2):
 PSYoungGen      total 205312K, used 9727K [0x000000078f600000, 0x000000079de80000, 0x00000007c0000000)
  eden space 195584K, 0% used [0x000000078f600000,0x000000078f600000,0x000000079b500000)
  from space 9728K, 99% used [0x000000079b500000,0x000000079be7ff28,0x000000079be80000)
  to   space 11264K, 0% used [0x000000079d380000,0x000000079d380000,0x000000079de80000)
 ParOldGen       total 106496K, used 17227K [0x000000072e200000, 0x0000000734a00000, 0x000000078f600000)
  object space 106496K, 16% used [0x000000072e200000,0x000000072f2d2f08,0x0000000734a00000)
 Metaspace       used 36611K, capacity 37982K, committed 38144K, reserved 1083392K
  class space    used 3959K, capacity 4237K, committed 4352K, reserved 1048576K
}
Event: 623.678 GC heap before
{Heap before GC invocations=12 (full 2):
 PSYoungGen      total 205312K, used 205311K [0x000000078f600000, 0x000000079de80000, 0x00000007c0000000)
  eden space 195584K, 100% used [0x000000078f600000,0x000000079b500000,0x000000079b500000)
  from space 9728K, 99% used [0x000000079b500000,0x000000079be7ff28,0x000000079be80000)
  to   space 11264K, 0% used [0x000000079d380000,0x000000079d380000,0x000000079de80000)
 ParOldGen       total 106496K, used 17227K [0x000000072e200000, 0x0000000734a00000, 0x000000078f600000)
  object space 106496K, 16% used [0x000000072e200000,0x000000072f2d2f08,0x0000000734a00000)
 Metaspace       used 36718K, capacity 38174K, committed 38400K, reserved 1083392K
  class space    used 3959K, capacity 4237K, committed 4352K, reserved 1048576K
Event: 623.685 GC heap after
Heap after GC invocations=12 (full 2):
 PSYoungGen      total 225280K, used 11259K [0x000000078f600000, 0x000000079e380000, 0x00000007c0000000)
  eden space 214016K, 0% used [0x000000078f600000,0x000000078f600000,0x000000079c700000)
  from space 11264K, 99% used [0x000000079d380000,0x000000079de7ec88,0x000000079de80000)
  to   space 12800K, 0% used [0x000000079c700000,0x000000079c700000,0x000000079d380000)
 ParOldGen       total 106496K, used 18202K [0x000000072e200000, 0x0000000734a00000, 0x000000078f600000)
  object space 106496K, 17% used [0x000000072e200000,0x000000072f3c6890,0x0000000734a00000)
 Metaspace       used 36718K, capacity 38174K, committed 38400K, reserved 1083392K
  class space    used 3959K, capacity 4237K, committed 4352K, reserved 1048576K
}
Event: 848.585 GC heap before
{Heap before GC invocations=13 (full 2):
 PSYoungGen      total 225280K, used 225275K [0x000000078f600000, 0x000000079e380000, 0x00000007c0000000)
  eden space 214016K, 100% used [0x000000078f600000,0x000000079c700000,0x000000079c700000)
  from space 11264K, 99% used [0x000000079d380000,0x000000079de7ec88,0x000000079de80000)
  to   space 12800K, 0% used [0x000000079c700000,0x000000079c700000,0x000000079d380000)
 ParOldGen       total 106496K, used 18202K [0x000000072e200000, 0x0000000734a00000, 0x000000078f600000)
  object space 106496K, 17% used [0x000000072e200000,0x000000072f3c6890,0x0000000734a00000)
 Metaspace       used 36764K, capacity 38174K, committed 38400K, reserved 1083392K
  class space    used 3959K, capacity 4237K, committed 4352K, reserved 1048576K
Event: 848.591 GC heap after
Heap after GC invocations=13 (full 2):
 PSYoungGen      total 216576K, used 9417K [0x000000078f600000, 0x000000079d900000, 0x00000007c0000000)
  eden space 206848K, 0% used [0x000000078f600000,0x000000078f600000,0x000000079c000000)
  from space 9728K, 96% used [0x000000079c700000,0x000000079d032460,0x000000079d080000)
  to   space 8704K, 0% used [0x000000079d080000,0x000000079d080000,0x000000079d900000)
 ParOldGen       total 106496K, used 20431K [0x000000072e200000, 0x0000000734a00000, 0x000000078f600000)
  object space 106496K, 19% used [0x000000072e200000,0x000000072f5f3e78,0x0000000734a00000)
 Metaspace       used 36764K, capacity 38174K, committed 38400K, reserved 1083392K
  class space    used 3959K, capacity 4237K, committed 4352K, reserved 1048576K
}

